{"C:\\Users\\admin\\code\\net-server\\src\\api\\eonet\\service\\eonet.service.ts": {"path":"C:\\Users\\admin\\code\\net-server\\src\\api\\eonet\\service\\eonet.service.ts","statementMap":{"0":{"start":{"line":1,"column":0},"end":{"line":1,"column":26}},"1":{"start":{"line":3,"column":0},"end":{"line":3,"column":40}},"2":{"start":{"line":10,"column":4},"end":{"line":10,"column":44}},"3":{"start":{"line":15,"column":6},"end":{"line":15,"column":56}},"4":{"start":{"line":16,"column":21},"end":{"line":19,"column":7}},"5":{"start":{"line":16,"column":54},"end":{"line":19,"column":6}},"6":{"start":{"line":20,"column":4},"end":{"line":20,"column":20}},"7":{"start":{"line":30,"column":8},"end":{"line":30,"column":67}},"8":{"start":{"line":31,"column":21},"end":{"line":31,"column":33}},"9":{"start":{"line":32,"column":4},"end":{"line":32,"column":20}},"10":{"start":{"line":6,"column":0},"end":{"line":6,"column":13}}},"fnMap":{"0":{"name":"(anonymous_1)","decl":{"start":{"line":9,"column":2},"end":{"line":9,"column":null}},"loc":{"start":{"line":9,"column":2},"end":{"line":11,"column":3}}},"1":{"name":"(anonymous_2)","decl":{"start":{"line":13,"column":9},"end":{"line":13,"column":14}},"loc":{"start":{"line":13,"column":31},"end":{"line":21,"column":3}}},"2":{"name":"(anonymous_3)","decl":{"start":{"line":16,"column":43},"end":{"line":16,"column":44}},"loc":{"start":{"line":16,"column":54},"end":{"line":19,"column":6}}},"3":{"name":"(anonymous_4)","decl":{"start":{"line":23,"column":9},"end":{"line":23,"column":14}},"loc":{"start":{"line":23,"column":37},"end":{"line":33,"column":3}}}},"branchMap":{"0":{"loc":{"start":{"line":16,"column":21},"end":{"line":19,"column":7}},"type":"cond-expr","locations":[{"start":{"line":16,"column":37},"end":{"line":16,"column":39}},{"start":{"line":16,"column":37},"end":{"line":19,"column":7}}]},"1":{"loc":{"start":{"line":16,"column":21},"end":{"line":16,"column":39}},"type":"binary-expr","locations":[{"start":{"line":16,"column":21},"end":{"line":16,"column":39}},{"start":{"line":16,"column":37},"end":{"line":16,"column":39}}]},"2":{"loc":{"start":{"line":16,"column":21},"end":{"line":16,"column":37}},"type":"cond-expr","locations":[{"start":{"line":16,"column":25},"end":{"line":16,"column":27}},{"start":{"line":16,"column":21},"end":{"line":16,"column":37}}]},"3":{"loc":{"start":{"line":16,"column":21},"end":{"line":16,"column":27}},"type":"binary-expr","locations":[{"start":{"line":16,"column":21},"end":{"line":16,"column":27}},{"start":{"line":16,"column":21},"end":{"line":16,"column":27}}]},"4":{"loc":{"start":{"line":31,"column":21},"end":{"line":31,"column":33}},"type":"cond-expr","locations":[{"start":{"line":31,"column":25},"end":{"line":31,"column":27}},{"start":{"line":31,"column":21},"end":{"line":31,"column":33}}]},"5":{"loc":{"start":{"line":31,"column":21},"end":{"line":31,"column":27}},"type":"binary-expr","locations":[{"start":{"line":31,"column":21},"end":{"line":31,"column":27}},{"start":{"line":31,"column":21},"end":{"line":31,"column":27}}]}},"s":{"0":1,"1":1,"2":6,"3":3,"4":2,"5":2,"6":2,"7":3,"8":2,"9":2,"10":1},"f":{"0":6,"1":3,"2":2,"3":3},"b":{"0":[0,2],"1":[2,2],"2":[0,2],"3":[2,2],"4":[0,2],"5":[2,2]}}
,"C:\\Users\\admin\\code\\net-server\\src\\api\\epic\\service\\epic.service.ts": {"path":"C:\\Users\\admin\\code\\net-server\\src\\api\\epic\\service\\epic.service.ts","statementMap":{"0":{"start":{"line":1,"column":0},"end":{"line":1,"column":26}},"1":{"start":{"line":2,"column":0},"end":{"line":2,"column":40}},"2":{"start":{"line":4,"column":0},"end":{"line":4,"column":66}},"3":{"start":{"line":11,"column":4},"end":{"line":11,"column":42}},"4":{"start":{"line":12,"column":4},"end":{"line":12,"column":48}},"5":{"start":{"line":16,"column":30},"end":{"line":16,"column":37}},"6":{"start":{"line":18,"column":22},"end":{"line":18,"column":37}},"7":{"start":{"line":19,"column":4},"end":{"line":21,"column":5}},"8":{"start":{"line":20,"column":8},"end":{"line":20,"column":null}},"9":{"start":{"line":22,"column":19},"end":{"line":22,"column":78}},"10":{"start":{"line":23,"column":24},"end":{"line":25,"column":6}},"11":{"start":{"line":24,"column":8},"end":{"line":24,"column":78}},"12":{"start":{"line":27,"column":18},"end":{"line":27,"column":61}},"13":{"start":{"line":28,"column":4},"end":{"line":30,"column":5}},"14":{"start":{"line":29,"column":8},"end":{"line":29,"column":null}},"15":{"start":{"line":31,"column":22},"end":{"line":31,"column":40}},"16":{"start":{"line":32,"column":16},"end":{"line":32,"column":117}},"17":{"start":{"line":33,"column":4},"end":{"line":33,"column":15}},"18":{"start":{"line":6,"column":0},"end":{"line":6,"column":13}}},"fnMap":{"0":{"name":"(anonymous_1)","decl":{"start":{"line":10,"column":2},"end":{"line":10,"column":null}},"loc":{"start":{"line":10,"column":2},"end":{"line":13,"column":3}}},"1":{"name":"(anonymous_2)","decl":{"start":{"line":15,"column":9},"end":{"line":15,"column":14}},"loc":{"start":{"line":15,"column":75},"end":{"line":34,"column":3}}},"2":{"name":"(anonymous_3)","decl":{"start":{"line":23,"column":34},"end":{"line":23,"column":35}},"loc":{"start":{"line":23,"column":94},"end":{"line":25,"column":5}}}},"branchMap":{"0":{"loc":{"start":{"line":19,"column":4},"end":{"line":21,"column":5}},"type":"if","locations":[{"start":{"line":19,"column":4},"end":{"line":21,"column":5}}]},"1":{"loc":{"start":{"line":23,"column":24},"end":{"line":25,"column":6}},"type":"cond-expr","locations":[{"start":{"line":23,"column":28},"end":{"line":23,"column":30}},{"start":{"line":23,"column":24},"end":{"line":25,"column":6}}]},"2":{"loc":{"start":{"line":23,"column":24},"end":{"line":23,"column":30}},"type":"binary-expr","locations":[{"start":{"line":23,"column":24},"end":{"line":23,"column":30}},{"start":{"line":23,"column":24},"end":{"line":23,"column":30}}]},"3":{"loc":{"start":{"line":28,"column":4},"end":{"line":30,"column":5}},"type":"if","locations":[{"start":{"line":28,"column":4},"end":{"line":30,"column":5}}]},"4":{"loc":{"start":{"line":31,"column":22},"end":{"line":31,"column":40}},"type":"cond-expr","locations":[{"start":{"line":31,"column":33},"end":{"line":31,"column":35}},{"start":{"line":31,"column":33},"end":{"line":31,"column":40}}]},"5":{"loc":{"start":{"line":31,"column":22},"end":{"line":31,"column":35}},"type":"binary-expr","locations":[{"start":{"line":31,"column":22},"end":{"line":31,"column":35}},{"start":{"line":31,"column":33},"end":{"line":31,"column":35}}]}},"s":{"0":1,"1":1,"2":1,"3":4,"4":4,"5":4,"6":4,"7":4,"8":1,"9":3,"10":2,"11":3,"12":2,"13":2,"14":1,"15":1,"16":1,"17":1,"18":1},"f":{"0":4,"1":4,"2":3},"b":{"0":[1],"1":[0,2],"2":[2,2],"3":[1],"4":[0,1],"5":[1,1]}}
,"C:\\Users\\admin\\code\\net-server\\src\\loaders\\config.ts": {"path":"C:\\Users\\admin\\code\\net-server\\src\\loaders\\config.ts","statementMap":{"0":{"start":{"line":1,"column":0},"end":{"line":1,"column":28}},"1":{"start":{"line":3,"column":0},"end":{"line":3,"column":null}},"2":{"start":{"line":5,"column":0},"end":{"line":10,"column":1}},"3":{"start":{"line":6,"column":21},"end":{"line":6,"column":36}},"4":{"start":{"line":7,"column":4},"end":{"line":9,"column":5}},"5":{"start":{"line":8,"column":8},"end":{"line":8,"column":51}},"6":{"start":{"line":12,"column":0},"end":{"line":21,"column":null}}},"fnMap":{},"branchMap":{"0":{"loc":{"start":{"line":3,"column":23},"end":{"line":3,"column":54}},"type":"binary-expr","locations":[{"start":{"line":3,"column":23},"end":{"line":3,"column":43}},{"start":{"line":3,"column":47},"end":{"line":3,"column":54}}]},"1":{"loc":{"start":{"line":5,"column":0},"end":{"line":10,"column":1}},"type":"if","locations":[{"start":{"line":5,"column":0},"end":{"line":10,"column":1}}]},"2":{"loc":{"start":{"line":5,"column":3},"end":{"line":5,"column":70}},"type":"binary-expr","locations":[{"start":{"line":5,"column":3},"end":{"line":5,"column":35}},{"start":{"line":5,"column":39},"end":{"line":5,"column":70}}]},"3":{"loc":{"start":{"line":7,"column":4},"end":{"line":9,"column":5}},"type":"if","locations":[{"start":{"line":7,"column":4},"end":{"line":9,"column":5}}]},"4":{"loc":{"start":{"line":14,"column":19},"end":{"line":14,"column":77}},"type":"cond-expr","locations":[{"start":{"line":14,"column":52},"end":{"line":14,"column":58}},{"start":{"line":14,"column":61},"end":{"line":14,"column":77}}]},"5":{"loc":{"start":{"line":18,"column":18},"end":{"line":18,"column":50}},"type":"cond-expr","locations":[{"start":{"line":18,"column":44},"end":{"line":18,"column":48}},{"start":{"line":18,"column":48},"end":{"line":18,"column":50}}]},"6":{"loc":{"start":{"line":18,"column":18},"end":{"line":18,"column":48}},"type":"binary-expr","locations":[{"start":{"line":18,"column":18},"end":{"line":18,"column":48}},{"start":{"line":18,"column":44},"end":{"line":18,"column":48}}]},"7":{"loc":{"start":{"line":19,"column":17},"end":{"line":19,"column":48}},"type":"cond-expr","locations":[{"start":{"line":19,"column":42},"end":{"line":19,"column":46}},{"start":{"line":19,"column":46},"end":{"line":19,"column":48}}]},"8":{"loc":{"start":{"line":19,"column":17},"end":{"line":19,"column":46}},"type":"binary-expr","locations":[{"start":{"line":19,"column":17},"end":{"line":19,"column":46}},{"start":{"line":19,"column":42},"end":{"line":19,"column":46}}]},"9":{"loc":{"start":{"line":20,"column":20},"end":{"line":20,"column":54}},"type":"cond-expr","locations":[{"start":{"line":20,"column":48},"end":{"line":20,"column":52}},{"start":{"line":20,"column":52},"end":{"line":20,"column":54}}]},"10":{"loc":{"start":{"line":20,"column":20},"end":{"line":20,"column":52}},"type":"binary-expr","locations":[{"start":{"line":20,"column":20},"end":{"line":20,"column":52}},{"start":{"line":20,"column":48},"end":{"line":20,"column":52}}]}},"s":{"0":2,"1":2,"2":2,"3":2,"4":2,"5":0,"6":2},"f":{},"b":{"0":[2,0],"1":[2],"2":[2,2],"3":[0],"4":[2,0],"5":[2,0],"6":[2,2],"7":[2,0],"8":[2,2],"9":[2,0],"10":[2,2]}}
,"C:\\Users\\admin\\code\\net-server\\src\\utils\\helperFunctions.ts": {"path":"C:\\Users\\admin\\code\\net-server\\src\\utils\\helperFunctions.ts","statementMap":{"0":{"start":{"line":3,"column":0},"end":{"line":3,"column":16}},"1":{"start":{"line":22,"column":0},"end":{"line":22,"column":16}},"2":{"start":{"line":34,"column":0},"end":{"line":34,"column":16}},"3":{"start":{"line":7,"column":12},"end":{"line":7,"column":18}},"4":{"start":{"line":8,"column":13},"end":{"line":8,"column":35}},"5":{"start":{"line":9,"column":13},"end":{"line":9,"column":35}},"6":{"start":{"line":10,"column":13},"end":{"line":10,"column":44}},"7":{"start":{"line":11,"column":13},"end":{"line":11,"column":44}},"8":{"start":{"line":14,"column":4},"end":{"line":15,"column":69}},"9":{"start":{"line":16,"column":12},"end":{"line":16,"column":58}},"10":{"start":{"line":18,"column":19},"end":{"line":18,"column":24}},"11":{"start":{"line":19,"column":2},"end":{"line":19,"column":18}},"12":{"start":{"line":23,"column":21},"end":{"line":23,"column":27}},"13":{"start":{"line":24,"column":20},"end":{"line":24,"column":40}},"14":{"start":{"line":26,"column":2},"end":{"line":29,"column":5}},"15":{"start":{"line":27,"column":4},"end":{"line":27,"column":16}},"16":{"start":{"line":28,"column":4},"end":{"line":28,"column":16}},"17":{"start":{"line":31,"column":2},"end":{"line":31,"column":46}},"18":{"start":{"line":38,"column":33},"end":{"line":38,"column":35}},"19":{"start":{"line":40,"column":2},"end":{"line":46,"column":3}},"20":{"start":{"line":41,"column":4},"end":{"line":41,"column":53}},"21":{"start":{"line":42,"column":9},"end":{"line":46,"column":3}},"22":{"start":{"line":43,"column":4},"end":{"line":43,"column":75}},"23":{"start":{"line":45,"column":4},"end":{"line":45,"column":48}},"24":{"start":{"line":48,"column":31},"end":{"line":48,"column":33}},"25":{"start":{"line":49,"column":22},"end":{"line":49,"column":24}},"26":{"start":{"line":50,"column":20},"end":{"line":50,"column":28}},"27":{"start":{"line":52,"column":2},"end":{"line":59,"column":5}},"28":{"start":{"line":53,"column":21},"end":{"line":53,"column":61}},"29":{"start":{"line":54,"column":4},"end":{"line":58,"column":5}},"30":{"start":{"line":55,"column":6},"end":{"line":55,"column":29}},"31":{"start":{"line":56,"column":6},"end":{"line":56,"column":27}},"32":{"start":{"line":57,"column":6},"end":{"line":57,"column":18}},"33":{"start":{"line":61,"column":2},"end":{"line":61,"column":15}}},"fnMap":{"0":{"name":"haversineDistance","decl":{"start":{"line":3,"column":16},"end":{"line":3,"column":33}},"loc":{"start":{"line":5,"column":24},"end":{"line":20,"column":1}}},"1":{"name":"getPolygonCentroid","decl":{"start":{"line":22,"column":16},"end":{"line":22,"column":34}},"loc":{"start":{"line":22,"column":60},"end":{"line":32,"column":1}}},"2":{"name":"(anonymous_2)","decl":{"start":{"line":26,"column":24},"end":{"line":26,"column":25}},"loc":{"start":{"line":26,"column":39},"end":{"line":29,"column":3}}},"3":{"name":"findClosestCoordinate","decl":{"start":{"line":34,"column":16},"end":{"line":34,"column":37}},"loc":{"start":{"line":36,"column":25},"end":{"line":62,"column":1}}},"4":{"name":"(anonymous_4)","decl":{"start":{"line":52,"column":22},"end":{"line":52,"column":23}},"loc":{"start":{"line":52,"column":37},"end":{"line":59,"column":3}}}},"branchMap":{"0":{"loc":{"start":{"line":40,"column":2},"end":{"line":46,"column":3}},"type":"if","locations":[{"start":{"line":40,"column":2},"end":{"line":46,"column":3}},{"start":{"line":42,"column":9},"end":{"line":46,"column":3}}]},"1":{"loc":{"start":{"line":42,"column":9},"end":{"line":46,"column":3}},"type":"if","locations":[{"start":{"line":42,"column":9},"end":{"line":46,"column":3}},{"start":{"line":44,"column":9},"end":{"line":46,"column":3}}]},"2":{"loc":{"start":{"line":54,"column":4},"end":{"line":58,"column":5}},"type":"if","locations":[{"start":{"line":54,"column":4},"end":{"line":58,"column":5}}]}},"s":{"0":1,"1":1,"2":1,"3":0,"4":0,"5":0,"6":0,"7":0,"8":0,"9":0,"10":0,"11":0,"12":0,"13":0,"14":0,"15":0,"16":0,"17":0,"18":0,"19":0,"20":0,"21":0,"22":0,"23":0,"24":0,"25":0,"26":0,"27":0,"28":0,"29":0,"30":0,"31":0,"32":0,"33":0},"f":{"0":0,"1":0,"2":0,"3":0,"4":0},"b":{"0":[0,0],"1":[0,0],"2":[0]}}
}
