TN:
SF:src\api\eonet\service\eonet.service.ts
FN:9,(anonymous_1)
FN:13,(anonymous_2)
FN:16,(anonymous_3)
FN:23,(anonymous_4)
FNF:4
FNH:4
FNDA:6,(anonymous_1)
FNDA:3,(anonymous_2)
FNDA:2,(anonymous_3)
FNDA:3,(anonymous_4)
DA:1,1
DA:3,1
DA:6,1
DA:10,6
DA:15,3
DA:16,2
DA:20,2
DA:30,3
DA:31,2
DA:32,2
LF:10
LH:10
BRDA:16,0,0,0
BRDA:16,0,1,2
BRDA:16,1,0,2
BRDA:16,1,1,2
BRDA:16,2,0,0
BRDA:16,2,1,2
BRDA:16,3,0,2
BRDA:16,3,1,2
BRDA:31,4,0,0
BRDA:31,4,1,2
BRDA:31,5,0,2
BRDA:31,5,1,2
BRF:12
BRH:9
end_of_record
TN:
SF:src\api\epic\service\epic.service.ts
FN:10,(anonymous_1)
FN:15,(anonymous_2)
FN:23,(anonymous_3)
FNF:3
FNH:3
FNDA:4,(anonymous_1)
FNDA:4,(anonymous_2)
FNDA:3,(anonymous_3)
DA:1,1
DA:2,1
DA:4,1
DA:6,1
DA:11,4
DA:12,4
DA:16,4
DA:18,4
DA:19,4
DA:20,1
DA:22,3
DA:23,2
DA:24,3
DA:27,2
DA:28,2
DA:29,1
DA:31,1
DA:32,1
DA:33,1
LF:19
LH:19
BRDA:19,0,0,1
BRDA:23,1,0,0
BRDA:23,1,1,2
BRDA:23,2,0,2
BRDA:23,2,1,2
BRDA:28,3,0,1
BRDA:31,4,0,0
BRDA:31,4,1,1
BRDA:31,5,0,1
BRDA:31,5,1,1
BRF:10
BRH:8
end_of_record
TN:
SF:src\loaders\config.ts
FNF:0
FNH:0
DA:1,2
DA:3,2
DA:5,2
DA:6,2
DA:7,2
DA:8,0
DA:12,2
LF:7
LH:6
BRDA:3,0,0,2
BRDA:3,0,1,0
BRDA:5,1,0,2
BRDA:5,2,0,2
BRDA:5,2,1,2
BRDA:7,3,0,0
BRDA:14,4,0,2
BRDA:14,4,1,0
BRDA:18,5,0,2
BRDA:18,5,1,0
BRDA:18,6,0,2
BRDA:18,6,1,2
BRDA:19,7,0,2
BRDA:19,7,1,0
BRDA:19,8,0,2
BRDA:19,8,1,2
BRDA:20,9,0,2
BRDA:20,9,1,0
BRDA:20,10,0,2
BRDA:20,10,1,2
BRF:20
BRH:14
end_of_record
TN:
SF:src\utils\helperFunctions.ts
FN:3,haversineDistance
FN:22,getPolygonCentroid
FN:26,(anonymous_2)
FN:34,findClosestCoordinate
FN:52,(anonymous_4)
FNF:5
FNH:0
FNDA:0,haversineDistance
FNDA:0,getPolygonCentroid
FNDA:0,(anonymous_2)
FNDA:0,findClosestCoordinate
FNDA:0,(anonymous_4)
DA:3,1
DA:7,0
DA:8,0
DA:9,0
DA:10,0
DA:11,0
DA:14,0
DA:16,0
DA:18,0
DA:19,0
DA:22,1
DA:23,0
DA:24,0
DA:26,0
DA:27,0
DA:28,0
DA:31,0
DA:34,1
DA:38,0
DA:40,0
DA:41,0
DA:42,0
DA:43,0
DA:45,0
DA:48,0
DA:49,0
DA:50,0
DA:52,0
DA:53,0
DA:54,0
DA:55,0
DA:56,0
DA:57,0
DA:61,0
LF:34
LH:3
BRDA:40,0,0,0
BRDA:40,0,1,0
BRDA:42,1,0,0
BRDA:42,1,1,0
BRDA:54,2,0,0
BRF:5
BRH:0
end_of_record
